<?xml version="1.0" encoding="UTF-8"?>
<!-- Generated by org.testng.reporters.JUnitXMLReporter -->
<testsuite ignored="0" hostname="DESKTOP-94QUV5D" failures="0" tests="1" name="Default test(failed)" time="0.097" errors="0" timestamp="2022-03-05T09:23:50 GMT-08:00">
  <testcase classname="com.automationpractise.tests.BaseClass" name="@BeforeClass setUp" time="-1.646501030251E9">
    <failure type="org.testng.TestNGException" message="
Parameter &amp;apos;browsername&amp;apos; is required by BeforeClass on method setUp but has not been marked @Optional or defined
in C:\SeleniumCloned\Selenium\SeleniumE2E\test-output\Default suite\testng-failed.xml">
      <![CDATA[org.testng.TestNGException: 
Parameter 'browsername' is required by BeforeClass on method setUp but has not been marked @Optional or defined
in C:\SeleniumCloned\Selenium\SeleniumE2E\test-output\Default suite\testng-failed.xml
at java.base/java.util.ArrayList.forEach(ArrayList.java:1511)
... Removed 22 stack frames]]>
    </failure>
  </testcase> <!-- @BeforeClass setUp -->
  <testcase classname="com.automationpractise.tests.TC_LoginTest_001" name="@BeforeClass initializeLoginPage" time="-1.64650103027E9">
    <skipped/>
  </testcase> <!-- @BeforeClass initializeLoginPage -->
  <testcase classname="com.automationpractise.tests.BaseClass" name="@AfterTest closeBrowser" time="-1.646501030313E9">
    <skipped/>
  </testcase> <!-- @AfterTest closeBrowser -->
  <testcase classname="com.automationpractise.tests.TC_LoginTest_001" name="loginToApplication" time="0.0">
    <skipped/>
  </testcase> <!-- loginToApplication -->
</testsuite> <!-- Default test(failed) -->
